<?xml version="1.0" encoding="UTF-8"?>
<testng-results ignored="0" total="1" passed="1" failed="0" skipped="0">
  <reporter-output>
  </reporter-output>
  <suite started-at="2024-11-17T16:10:46 IST" name="Default suite" finished-at="2024-11-17T16:11:18 IST" duration-ms="32180">
    <groups>
    </groups>
    <test started-at="2024-11-17T16:10:46 IST" name="Default test" finished-at="2024-11-17T16:11:18 IST" duration-ms="32180">
      <class name="test.TestCase5">
        <test-method is-config="true" signature="launch()[pri:0, instance:test.TestCase5@8f2ef19]" started-at="2024-11-17T16:10:46 IST" name="launch" finished-at="2024-11-17T16:10:50 IST" duration-ms="4157" status="PASS">
          <reporter-output>
          </reporter-output>
        </test-method> <!-- launch -->
        <test-method signature="remove_fromcart_fromWishList_logout()[pri:0, instance:test.TestCase5@8f2ef19]" started-at="2024-11-17T16:10:50 IST" name="remove_fromcart_fromWishList_logout" finished-at="2024-11-17T16:11:15 IST" duration-ms="24588" status="PASS">
          <reporter-output>
          </reporter-output>
        </test-method> <!-- remove_fromcart_fromWishList_logout -->
        <test-method is-config="true" signature="quit()[pri:0, instance:test.TestCase5@8f2ef19]" started-at="2024-11-17T16:11:15 IST" name="quit" finished-at="2024-11-17T16:11:18 IST" duration-ms="3385" status="PASS">
          <reporter-output>
          </reporter-output>
        </test-method> <!-- quit -->
      </class> <!-- test.TestCase5 -->
    </test> <!-- Default test -->
  </suite> <!-- Default suite -->
</testng-results>
